<?xml version="1.0" encoding="UTF-8"?>
<testng-results skipped="0" failed="0" total="1" passed="1">
  <reporter-output>
  </reporter-output>
  <suite name="Suite" duration-ms="43" started-at="2020-04-29T23:17:15Z" finished-at="2020-04-29T23:17:15Z">
    <groups>
    </groups>
    <test name="Test" duration-ms="43" started-at="2020-04-29T23:17:15Z" finished-at="2020-04-29T23:17:15Z">
      <class name="githubJenkinsPractice.githubJenkins.Class1">
        <test-method status="PASS" signature="tc()[pri:0, instance:githubJenkinsPractice.githubJenkins.Class1@548a9f61]" name="tc" duration-ms="20" started-at="2020-04-29T16:17:15Z" finished-at="2020-04-29T16:17:15Z">
          <reporter-output>
          </reporter-output>
        </test-method> <!-- tc -->
      </class> <!-- githubJenkinsPractice.githubJenkins.Class1 -->
    </test> <!-- Test -->
  </suite> <!-- Suite -->
</testng-results>
